Terminal log file
Date: 01/10/2019 - 12:56:56 a.m.
-----------------------------------------------
1D 76 30 00 54 69 63 6B 
65 74 20 4E 6F 2E 20 31 0D 0A 50 65 73 6F 20 2F 
20 50 69 65 7A 61 73 20 20 50 4C 55 20 50 52 45 
2E 55 4E 49 54 20 24 20 20 20 20 54 4F 54 41 4C 
20 24 0D 0A 2A 2A 2A 2A 2A 2A 2A 2A 2A 2A 2A 2A 
2A 2A 2A 2A 2A 2A 2A 2A 2A 2A 2A 2A 2A 2A 2A 2A 
2A 2A 2A 2A 2A 2A 2A 2A 2A 2A 2A 2A 2A 2A 2A 2A 
2A 2A 2A 2A 0D 0A 31 30 2E 35 32 35 20 4B 67 20 
54 49 42 4F 4E 45 20 20 20 20 20 20 20 20 20 20 
20 20 20 20 20 31 32 33 2E 35 39 20 20 20 31 33 
30 30 2E 37 38 0D 0A 31 30 2E 30 30 30 20 4B 67 
20 54 4F 4D 41 54 45 20 42 4F 4C 41 20 20 20 20 
20 20 20 20 20 20 20 31 30 2E 35 30 20 20 20 20 
31 30 35 2E 30 30 0D 0A 20 39 2E 35 30 30 20 4B 
67 20 50 45 43 48 55 47 41 20 44 45 20 50 4F 4C 
4C 4F 20 20 20 20 20 20 34 30 2E 30 30 20 20 20 
20 33 38 30 2E 30 30 0D 0A 20 39 2E 30 30 30 20 
4B 67 20 50 49 45 52 4E 41 20 59 20 4D 55 53 4C 
4F 20 20 20 20 20 20 20 20 33 30 2E 30 30 20 20 
20 20 32 37 30 2E 30 30 0D 0A 20 20 20 20 20 39 
20 50 7A 20 43 45 42 4F 4C 4C 41 20 4D 4F 52 41 
44 41 20 20 20 20 20 20 20 20 20 37 2E 30 30 20 
20 20 20 20 32 37 2E 30 30 0D 0A 20 20 20 20 31 
30 20 50 7A 20 53 41 5A 4F 4E 41 44 4F 52 20 45 
4E 20 43 55 42 4F 20 20 20 20 20 20 33 2E 35 30 
20 20 20 20 20 33 35 2E 30 30 0D 0A 20 20 20 20 
32 30 20 70 7A 20 4D 41 5A 41 50 41 4E 20 52 45 
47 49 4F 20 20 20 20 20 20 20 20 20 20 39 2E 30 
30 20 20 20 20 31 38 30 2E 30 30 0D 0A 20 31 2E 
32 35 30 20 4B 67 20 51 55 45 53 4F 20 42 4C 41 
4E 43 4F 20 20 20 20 20 20 20 20 20 20 37 30 2E 
35 30 20 20 20 20 20 38 38 2E 31 32 0D 0A 20 33 
2E 32 30 30 20 4B 67 20 41 5A 55 43 41 52 20 20 
20 20 20 20 20 20 20 20 20 20 20 20 20 20 32 30 
2E 30 30 20 20 20 20 20 36 34 2E 30 30 0D 0A 20 
31 2E 30 30 30 20 4B 67 20 48 55 45 56 4F 20 20 
20 20 20 20 20 20 20 20 20 20 20 20 20 20 20 33 
30 2E 30 30 20 20 20 20 20 33 30 2E 30 30 0D 0A 
2A 2A 2A 2A 2A 2A 2A 2A 2A 2A 2A 2A 2A 2A 2A 2A 
2A 2A 2A 2A 2A 2A 2A 2A 2A 2A 2A 2A 2A 2A 2A 2A 
2A 2A 2A 2A 2A 2A 2A 2A 2A 2A 2A 2A 2A 2A 2A 2A 
0D 0A 49 54 45 4D 53 20 31 30 20 20 20 20 20 20 
20 20 20 20 20 20 20 20 20 20 20 20 20 20 20 20 
20 20 54 4F 54 41 4C 3A 20 24 20 32 34 37 39 2E 
39 30 0D 0A 20 20 20 20 20 20 20 20 20 20 20 20 
20 20 20 20 20 20 20 20 20 20 20 20 20 20 20 20 
20 45 46 45 43 54 49 56 4F 3A 20 24 20 33 30 30 
30 2E 30 30 0D 0A 20 20 20 20 20 20 20 20 20 20 
20 20 20 20 20 20 20 20 20 20 20 20 20 20 20 20 
20 20 20 20 20 43 41 4D 42 49 4F 3A 20 24 20 20 
35 32 30 2E 31 30 0D 0A 1B 69 
-----------------------------------------------
Date: 01/10/2019 - 12:57:38 a.m.
End log file
