Terminal log file
Date: 01/10/2019 - 08:36:23 a. m.
-----------------------------------------------
v0<0>H<0>ˆ<0>000000000000000Ticket No. 1
TE BOLA           10.50    105.00
O      3.50     35.00
    30.00
0
************************************************
ITEMS 10                        TOTAL: $ 2479.90
                             EFECTIVO: $ 3000.00
    20 pz MAZAPAN ******************
ITEMS 10                        TOTAL: $ 2479.90
                             EFECTIVO: $ 3000.00
 9.50*******************
ITEMS 10                        TOTAL: $ 2479.90
                             EFECTIVO: $ 3000.00
**********************
ITEMS 10                        TOTAL: $ 2479.90
                             EFECTIVO: $ 3000.00

-----------------------------------------------
Date: 01/10/2019 - 08:48:49 a. m.
End log file
